# JRE version: Java(TM) SE Runtime Environment (21.0.6+8) (build 21.0.6+8-LTS-188)
# Java VM: Java HotSpot(TM) 64-Bit Server VM (21.0.6+8-LTS-188, mixed mode, sharing, tiered, compressed oops, compressed class ptrs, g1 gc, windows-amd64)
GC Precious Log:
 CardTable entry size: 512
 Card Set container configuration: InlinePtr #cards 5 size 8 Array Of Cards #cards 12 size 40 Howl #buckets 4 coarsen threshold 1843 Howl Bitmap #cards 512 size 80 coarsen threshold 460 Card regions per heap region 1 cards per card region 2048
 CPUs: 4 total, 4 available
 Memory: 7991M
 Large Page Support: Disabled
 NUMA Support: Disabled
 Compressed Oops: Enabled (32-bit)
 Heap Region Size: 1M
 Heap Min Capacity: 8M
 Heap Initial Capacity: 126M
 Heap Max Capacity: 2G
 Pre-touch: Disabled
 Parallel Workers: 4
 Concurrent Workers: 1
 Concurrent Refinement Workers: 4
 Periodic GC: Disabled
Heap:
 garbage-first heap   total 283648K, used 174721K [0x0000000080000000, 0x0000000100000000)
  region size 1024K, 29 young (29696K), 10 survivors (10240K)
 Metaspace       used 106957K, committed 109760K, reserved 557056K
  class space    used 14724K, committed 16128K, reserved 425984K
GC Heap History (20 events):
Event: 82.677 GC heap before
{Heap before GC invocations=46 (full 0):
 garbage-first heap   total 184320K, used 164361K [0x0000000080000000, 0x0000000100000000)
  region size 1024K, 56 young (57344K), 7 survivors (7168K)
 Metaspace       used 88180K, committed 90816K, reserved 557056K
  class space    used 12312K, committed 13632K, reserved 425984K
}
Event: 82.686 GC heap after
{Heap after GC invocations=47 (full 0):
 garbage-first heap   total 184320K, used 116904K [0x0000000080000000, 0x0000000100000000)
  region size 1024K, 6 young (6144K), 6 survivors (6144K)
 Metaspace       used 88180K, committed 90816K, reserved 557056K
  class space    used 12312K, committed 13632K, reserved 425984K
}
Event: 84.503 GC heap before
{Heap before GC invocations=48 (full 0):
 garbage-first heap   total 204800K, used 165032K [0x0000000080000000, 0x0000000100000000)
  region size 1024K, 54 young (55296K), 6 survivors (6144K)
 Metaspace       used 88791K, committed 91392K, reserved 557056K
  class space    used 12330K, committed 13632K, reserved 425984K
}
Event: 84.513 GC heap after
{Heap after GC invocations=49 (full 0):
 garbage-first heap   total 204800K, used 121525K [0x0000000080000000, 0x0000000100000000)
  region size 1024K, 6 young (6144K), 6 survivors (6144K)
 Metaspace       used 88791K, committed 91392K, reserved 557056K
  class space    used 12330K, committed 13632K, reserved 425984K
}
Event: 85.982 GC heap before
{Heap before GC invocations=49 (full 0):
 garbage-first heap   total 204800K, used 181941K [0x0000000080000000, 0x0000000100000000)
  region size 1024K, 66 young (67584K), 6 survivors (6144K)
 Metaspace       used 88811K, committed 91392K, reserved 557056K
  class space    used 12330K, committed 13632K, reserved 425984K
}
Event: 85.994 GC heap after
{Heap after GC invocations=50 (full 0):
 garbage-first heap   total 204800K, used 122664K [0x0000000080000000, 0x0000000100000000)
  region size 1024K, 5 young (5120K), 5 survivors (5120K)
 Metaspace       used 88811K, committed 91392K, reserved 557056K
  class space    used 12330K, committed 13632K, reserved 425984K
}
Event: 87.100 GC heap before
{Heap before GC invocations=50 (full 0):
 garbage-first heap   total 204800K, used 183080K [0x0000000080000000, 0x0000000100000000)
  region size 1024K, 65 young (66560K), 5 survivors (5120K)
 Metaspace       used 88812K, committed 91392K, reserved 557056K
  class space    used 12331K, committed 13632K, reserved 425984K
}
Event: 87.106 GC heap after
{Heap after GC invocations=51 (full 0):
 garbage-first heap   total 204800K, used 123422K [0x0000000080000000, 0x0000000100000000)
  region size 1024K, 5 young (5120K), 5 survivors (5120K)
 Metaspace       used 88812K, committed 91392K, reserved 557056K
  class space    used 12331K, committed 13632K, reserved 425984K
}
Event: 88.689 GC heap before
{Heap before GC invocations=52 (full 0):
 garbage-first heap   total 229376K, used 189982K [0x0000000080000000, 0x0000000100000000)
  region size 1024K, 66 young (67584K), 5 survivors (5120K)
 Metaspace       used 88903K, committed 91520K, reserved 557056K
  class space    used 12345K, committed 13632K, reserved 425984K
}
Event: 88.697 GC heap after
{Heap after GC invocations=53 (full 0):
 garbage-first heap   total 229376K, used 133190K [0x0000000080000000, 0x0000000100000000)
  region size 1024K, 9 young (9216K), 9 survivors (9216K)
 Metaspace       used 88903K, committed 91520K, reserved 557056K
  class space    used 12345K, committed 13632K, reserved 425984K
}
Event: 90.621 GC heap before
{Heap before GC invocations=53 (full 0):
 garbage-first heap   total 229376K, used 206918K [0x0000000080000000, 0x0000000100000000)
  region size 1024K, 80 young (81920K), 9 survivors (9216K)
 Metaspace       used 94133K, committed 96768K, reserved 557056K
  class space    used 12909K, committed 14208K, reserved 425984K
}
Event: 90.633 GC heap after
{Heap after GC invocations=54 (full 0):
 garbage-first heap   total 229376K, used 138426K [0x0000000080000000, 0x0000000100000000)
  region size 1024K, 5 young (5120K), 5 survivors (5120K)
 Metaspace       used 94133K, committed 96768K, reserved 557056K
  class space    used 12909K, committed 14208K, reserved 425984K
}
Event: 91.056 GC heap before
{Heap before GC invocations=54 (full 0):
 garbage-first heap   total 229376K, used 156858K [0x0000000080000000, 0x0000000100000000)
  region size 1024K, 24 young (24576K), 5 survivors (5120K)
 Metaspace       used 95032K, committed 97664K, reserved 557056K
  class space    used 13034K, committed 14336K, reserved 425984K
}
Event: 91.061 GC heap after
{Heap after GC invocations=55 (full 0):
 garbage-first heap   total 229376K, used 140152K [0x0000000080000000, 0x0000000100000000)
  region size 1024K, 7 young (7168K), 7 survivors (7168K)
 Metaspace       used 95032K, committed 97664K, reserved 557056K
  class space    used 13034K, committed 14336K, reserved 425984K
}
Event: 92.537 GC heap before
{Heap before GC invocations=56 (full 0):
 garbage-first heap   total 270336K, used 210808K [0x0000000080000000, 0x0000000100000000)
  region size 1024K, 72 young (73728K), 7 survivors (7168K)
 Metaspace       used 98369K, committed 101056K, reserved 557056K
  class space    used 13468K, committed 14784K, reserved 425984K
}
Event: 92.548 GC heap after
{Heap after GC invocations=57 (full 0):
 garbage-first heap   total 270336K, used 146123K [0x0000000080000000, 0x0000000100000000)
  region size 1024K, 7 young (7168K), 7 survivors (7168K)
 Metaspace       used 98369K, committed 101056K, reserved 557056K
  class space    used 13468K, committed 14784K, reserved 425984K
}
Event: 94.289 GC heap before
{Heap before GC invocations=57 (full 0):
 garbage-first heap   total 270336K, used 236235K [0x0000000080000000, 0x0000000100000000)
  region size 1024K, 93 young (95232K), 7 survivors (7168K)
 Metaspace       used 103359K, committed 106048K, reserved 557056K
  class space    used 14191K, committed 15552K, reserved 425984K
}
Event: 94.300 GC heap after
{Heap after GC invocations=58 (full 0):
 garbage-first heap   total 270336K, used 149271K [0x0000000080000000, 0x0000000100000000)
  region size 1024K, 9 young (9216K), 9 survivors (9216K)
 Metaspace       used 103359K, committed 106048K, reserved 557056K
  class space    used 14191K, committed 15552K, reserved 425984K
}
Event: 96.487 GC heap before
{Heap before GC invocations=58 (full 0):
 garbage-first heap   total 270336K, used 246551K [0x0000000080000000, 0x0000000100000000)
  region size 1024K, 104 young (106496K), 9 survivors (9216K)
 Metaspace       used 106044K, committed 108736K, reserved 557056K
  class space    used 14578K, committed 15936K, reserved 425984K
}
Event: 96.501 GC heap after
{Heap after GC invocations=59 (full 0):
 garbage-first heap   total 270336K, used 156289K [0x0000000080000000, 0x0000000100000000)
  region size 1024K, 10 young (10240K), 10 survivors (10240K)
 Metaspace       used 106044K, committed 108736K, reserved 557056K
  class space    used 14578K, committed 15936K, reserved 425984K
}

